<?xml version="1.0" encoding="UTF-8"?>
<!-- Generated by org.testng.reporters.JUnitReportReporter -->
<testsuite name="package1.NewTest" tests="1" time="0.009" ignored="0" failures="0" timestamp="08 May 2020 22:50:21 GMT" skipped="0" hostname="Macbooks-MacBook-Pro.local" errors="0">
  <testcase name="f" time="0.009" classname="package1.NewTest"/>
</testsuite> <!-- package1.NewTest -->
