<?xml version="1.0" encoding="UTF-8"?>
<!-- Generated by org.testng.reporters.JUnitReportReporter -->
<testsuite skipped="0" hostname="SAI-PC" name="allClassFilesHere.Test1_Sikuli3" tests="1" failures="0" timestamp="17 May 2020 13:17:31 GMT" time="27.596" errors="0">
  <testcase name="handlefileUpload" time="27.596" classname="allClassFilesHere.Test1_Sikuli3"/>
</testsuite> <!-- allClassFilesHere.Test1_Sikuli3 -->
