<?xml version="1.0" encoding="UTF-8"?>
<!-- Generated by org.testng.reporters.JUnitReportReporter -->
<testsuite skipped="0" hostname="SAI-PC" name="allClassFilesHere.Test1_Sikuli2" tests="1" failures="0" timestamp="17 May 2020 13:05:09 GMT" time="12.159" errors="0">
  <testcase name="handlefileUpload" time="12.159" classname="allClassFilesHere.Test1_Sikuli2"/>
</testsuite> <!-- allClassFilesHere.Test1_Sikuli2 -->
